<?xml version="1.0" encoding="UTF-8"?>
<!-- Generated by org.testng.reporters.JUnitReportReporter -->
<testsuite hostname="saksham-sharma" failures="0" tests="1" name="final_assignment.yomail" time="76.796" errors="0" timestamp="2022-11-11T12:33:43 IST" skipped="0">
  <testcase classname="final_assignment.yomail" name="f" time="76.796"/>
  <system-out/>
</testsuite> <!-- final_assignment.yomail -->
