<?xml version="1.0" encoding="UTF-8"?>
<!-- Generated by org.testng.reporters.JUnitReportReporter -->
<testsuite hostname="saksham-sharma" failures="0" tests="1" name="automation.Amazon_TestNG_Case" time="16.482" errors="0" timestamp="2022-11-09T16:05:20 IST" skipped="0">
  <testcase classname="automation.Amazon_TestNG_Case" name="f" time="16.482"/>
  <system-out/>
</testsuite> <!-- automation.Amazon_TestNG_Case -->
