<?xml version="1.0" encoding="UTF-8"?>
<!-- Generated by org.testng.reporters.JUnitReportReporter -->
<testsuite hostname="saksham-sharma" failures="0" tests="1" name="automation.Github" time="8.217" errors="0" timestamp="2022-11-09T17:30:17 IST" skipped="0">
  <testcase classname="automation.Github" name="f" time="8.217"/>
  <system-out/>
</testsuite> <!-- automation.Github -->
