<?xml version="1.0" encoding="UTF-8"?>
<!-- Generated by org.testng.reporters.JUnitReportReporter -->
<testsuite hostname="saksham-sharma" failures="0" tests="1" name="final_assignment.Second_Task" time="79.939" errors="0" timestamp="2022-11-10T19:10:43 IST" skipped="0">
  <testcase classname="final_assignment.Second_Task" name="f" time="79.939"/>
  <system-out/>
</testsuite> <!-- final_assignment.Second_Task -->
