<?xml version="1.0" encoding="UTF-8"?>
<!-- Generated by org.testng.reporters.JUnitReportReporter -->
<testsuite hostname="saksham-sharma" failures="0" tests="1" name="final_assignment.First_Task" time="43.171" errors="0" timestamp="2022-11-10T19:30:32 IST" skipped="0">
  <testcase classname="final_assignment.First_Task" name="f" time="43.171"/>
  <system-out/>
</testsuite> <!-- final_assignment.First_Task -->
