<?xml version="1.0" encoding="UTF-8"?>
<!-- Generated by org.testng.reporters.JUnitReportReporter -->
<testsuite hostname="saksham-sharma" failures="0" tests="1" name="automation.NewTest" time="9.619" errors="0" timestamp="2022-11-08T00:33:20 IST" skipped="0">
  <testcase classname="automation.NewTest" name="f" time="9.619"/>
  <system-out/>
</testsuite> <!-- automation.NewTest -->
